<?xml version="1.0" encoding="UTF-8"?>
<testsuite xmlns:xsi="http://www.w3.org/2001/XMLSchema-instance" xsi:noNamespaceSchemaLocation="https://maven.apache.org/surefire/maven-surefire-plugin/xsd/surefire-test-report.xsd" name="com.in.market.MTmarketApplicationTests" time="9.746" tests="3" errors="0" skipped="0" failures="0">
  <properties>
    <property name="sun.desktop" value="gnome"/>
    <property name="awt.toolkit" value="sun.awt.X11.XToolkit"/>
    <property name="java.specification.version" value="11"/>
    <property name="sun.cpu.isalist" value=""/>
    <property name="sun.jnu.encoding" value="UTF-8"/>
    <property name="java.class.path" value="/home/thesevensky/project/mtmarket6/MTmarket6/target/test-classes:/home/thesevensky/project/mtmarket6/MTmarket6/target/classes:/home/thesevensky/.m2/repository/org/springframework/boot/spring-boot-starter-cache/2.1.3.RELEASE/spring-boot-starter-cache-2.1.3.RELEASE.jar:/home/thesevensky/.m2/repository/org/springframework/boot/spring-boot-starter/2.1.3.RELEASE/spring-boot-starter-2.1.3.RELEASE.jar:/home/thesevensky/.m2/repository/org/springframework/boot/spring-boot-starter-logging/2.1.3.RELEASE/spring-boot-starter-logging-2.1.3.RELEASE.jar:/home/thesevensky/.m2/repository/ch/qos/logback/logback-classic/1.2.3/logback-classic-1.2.3.jar:/home/thesevensky/.m2/repository/ch/qos/logback/logback-core/1.2.3/logback-core-1.2.3.jar:/home/thesevensky/.m2/repository/org/apache/logging/log4j/log4j-to-slf4j/2.11.2/log4j-to-slf4j-2.11.2.jar:/home/thesevensky/.m2/repository/org/apache/logging/log4j/log4j-api/2.11.2/log4j-api-2.11.2.jar:/home/thesevensky/.m2/repository/org/slf4j/jul-to-slf4j/1.7.25/jul-to-slf4j-1.7.25.jar:/home/thesevensky/.m2/repository/javax/annotation/javax.annotation-api/1.3.2/javax.annotation-api-1.3.2.jar:/home/thesevensky/.m2/repository/org/yaml/snakeyaml/1.23/snakeyaml-1.23.jar:/home/thesevensky/.m2/repository/org/springframework/spring-context-support/5.1.5.RELEASE/spring-context-support-5.1.5.RELEASE.jar:/home/thesevensky/.m2/repository/org/springframework/spring-beans/5.1.5.RELEASE/spring-beans-5.1.5.RELEASE.jar:/home/thesevensky/.m2/repository/org/springframework/spring-context/5.1.5.RELEASE/spring-context-5.1.5.RELEASE.jar:/home/thesevensky/.m2/repository/org/springframework/boot/spring-boot-starter-data-redis/2.1.3.RELEASE/spring-boot-starter-data-redis-2.1.3.RELEASE.jar:/home/thesevensky/.m2/repository/org/springframework/data/spring-data-redis/2.1.5.RELEASE/spring-data-redis-2.1.5.RELEASE.jar:/home/thesevensky/.m2/repository/org/springframework/data/spring-data-keyvalue/2.1.5.RELEASE/spring-data-keyvalue-2.1.5.RELEASE.jar:/home/thesevensky/.m2/repository/org/springframework/data/spring-data-commons/2.1.5.RELEASE/spring-data-commons-2.1.5.RELEASE.jar:/home/thesevensky/.m2/repository/org/springframework/spring-tx/5.1.5.RELEASE/spring-tx-5.1.5.RELEASE.jar:/home/thesevensky/.m2/repository/org/springframework/spring-oxm/5.1.5.RELEASE/spring-oxm-5.1.5.RELEASE.jar:/home/thesevensky/.m2/repository/org/slf4j/slf4j-api/1.7.25/slf4j-api-1.7.25.jar:/home/thesevensky/.m2/repository/io/lettuce/lettuce-core/5.1.4.RELEASE/lettuce-core-5.1.4.RELEASE.jar:/home/thesevensky/.m2/repository/io/netty/netty-common/4.1.33.Final/netty-common-4.1.33.Final.jar:/home/thesevensky/.m2/repository/io/netty/netty-handler/4.1.33.Final/netty-handler-4.1.33.Final.jar:/home/thesevensky/.m2/repository/io/netty/netty-buffer/4.1.33.Final/netty-buffer-4.1.33.Final.jar:/home/thesevensky/.m2/repository/io/netty/netty-codec/4.1.33.Final/netty-codec-4.1.33.Final.jar:/home/thesevensky/.m2/repository/io/netty/netty-transport/4.1.33.Final/netty-transport-4.1.33.Final.jar:/home/thesevensky/.m2/repository/io/netty/netty-resolver/4.1.33.Final/netty-resolver-4.1.33.Final.jar:/home/thesevensky/.m2/repository/io/projectreactor/reactor-core/3.2.6.RELEASE/reactor-core-3.2.6.RELEASE.jar:/home/thesevensky/.m2/repository/org/reactivestreams/reactive-streams/1.0.2/reactive-streams-1.0.2.jar:/home/thesevensky/.m2/repository/org/springframework/boot/spring-boot-starter-jdbc/2.1.3.RELEASE/spring-boot-starter-jdbc-2.1.3.RELEASE.jar:/home/thesevensky/.m2/repository/com/zaxxer/HikariCP/3.2.0/HikariCP-3.2.0.jar:/home/thesevensky/.m2/repository/org/springframework/spring-jdbc/5.1.5.RELEASE/spring-jdbc-5.1.5.RELEASE.jar:/home/thesevensky/.m2/repository/org/springframework/boot/spring-boot-starter-validation/2.1.3.RELEASE/spring-boot-starter-validation-2.1.3.RELEASE.jar:/home/thesevensky/.m2/repository/org/apache/tomcat/embed/tomcat-embed-el/9.0.16/tomcat-embed-el-9.0.16.jar:/home/thesevensky/.m2/repository/org/hibernate/validator/hibernate-validator/6.0.14.Final/hibernate-validator-6.0.14.Final.jar:/home/thesevensky/.m2/repository/javax/validation/validation-api/2.0.1.Final/validation-api-2.0.1.Final.jar:/home/thesevensky/.m2/repository/org/jboss/logging/jboss-logging/3.3.2.Final/jboss-logging-3.3.2.Final.jar:/home/thesevensky/.m2/repository/com/fasterxml/classmate/1.4.0/classmate-1.4.0.jar:/home/thesevensky/.m2/repository/org/springframework/boot/spring-boot-starter-web/2.1.3.RELEASE/spring-boot-starter-web-2.1.3.RELEASE.jar:/home/thesevensky/.m2/repository/org/springframework/boot/spring-boot-starter-json/2.1.3.RELEASE/spring-boot-starter-json-2.1.3.RELEASE.jar:/home/thesevensky/.m2/repository/com/fasterxml/jackson/core/jackson-databind/2.9.8/jackson-databind-2.9.8.jar:/home/thesevensky/.m2/repository/com/fasterxml/jackson/core/jackson-annotations/2.9.0/jackson-annotations-2.9.0.jar:/home/thesevensky/.m2/repository/com/fasterxml/jackson/core/jackson-core/2.9.8/jackson-core-2.9.8.jar:/home/thesevensky/.m2/repository/com/fasterxml/jackson/datatype/jackson-datatype-jdk8/2.9.8/jackson-datatype-jdk8-2.9.8.jar:/home/thesevensky/.m2/repository/com/fasterxml/jackson/datatype/jackson-datatype-jsr310/2.9.8/jackson-datatype-jsr310-2.9.8.jar:/home/thesevensky/.m2/repository/com/fasterxml/jackson/module/jackson-module-parameter-names/2.9.8/jackson-module-parameter-names-2.9.8.jar:/home/thesevensky/.m2/repository/org/springframework/boot/spring-boot-starter-tomcat/2.1.3.RELEASE/spring-boot-starter-tomcat-2.1.3.RELEASE.jar:/home/thesevensky/.m2/repository/org/apache/tomcat/embed/tomcat-embed-websocket/9.0.16/tomcat-embed-websocket-9.0.16.jar:/home/thesevensky/.m2/repository/org/springframework/spring-web/5.1.5.RELEASE/spring-web-5.1.5.RELEASE.jar:/home/thesevensky/.m2/repository/org/springframework/spring-webmvc/5.1.5.RELEASE/spring-webmvc-5.1.5.RELEASE.jar:/home/thesevensky/.m2/repository/org/springframework/spring-expression/5.1.5.RELEASE/spring-expression-5.1.5.RELEASE.jar:/home/thesevensky/.m2/repository/org/mybatis/spring/boot/mybatis-spring-boot-starter/2.0.0/mybatis-spring-boot-starter-2.0.0.jar:/home/thesevensky/.m2/repository/org/mybatis/spring/boot/mybatis-spring-boot-autoconfigure/2.0.0/mybatis-spring-boot-autoconfigure-2.0.0.jar:/home/thesevensky/.m2/repository/org/mybatis/mybatis/3.5.0/mybatis-3.5.0.jar:/home/thesevensky/.m2/repository/org/mybatis/mybatis-spring/2.0.0/mybatis-spring-2.0.0.jar:/home/thesevensky/.m2/repository/org/springframework/boot/spring-boot-devtools/2.1.3.RELEASE/spring-boot-devtools-2.1.3.RELEASE.jar:/home/thesevensky/.m2/repository/org/springframework/boot/spring-boot/2.1.3.RELEASE/spring-boot-2.1.3.RELEASE.jar:/home/thesevensky/.m2/repository/org/springframework/boot/spring-boot-autoconfigure/2.1.3.RELEASE/spring-boot-autoconfigure-2.1.3.RELEASE.jar:/home/thesevensky/.m2/repository/mysql/mysql-connector-java/8.0.15/mysql-connector-java-8.0.15.jar:/home/thesevensky/.m2/repository/org/springframework/boot/spring-boot-starter-test/2.1.3.RELEASE/spring-boot-starter-test-2.1.3.RELEASE.jar:/home/thesevensky/.m2/repository/org/springframework/boot/spring-boot-test/2.1.3.RELEASE/spring-boot-test-2.1.3.RELEASE.jar:/home/thesevensky/.m2/repository/org/springframework/boot/spring-boot-test-autoconfigure/2.1.3.RELEASE/spring-boot-test-autoconfigure-2.1.3.RELEASE.jar:/home/thesevensky/.m2/repository/com/jayway/jsonpath/json-path/2.4.0/json-path-2.4.0.jar:/home/thesevensky/.m2/repository/net/minidev/json-smart/2.3/json-smart-2.3.jar:/home/thesevensky/.m2/repository/net/minidev/accessors-smart/1.2/accessors-smart-1.2.jar:/home/thesevensky/.m2/repository/org/ow2/asm/asm/5.0.4/asm-5.0.4.jar:/home/thesevensky/.m2/repository/junit/junit/4.12/junit-4.12.jar:/home/thesevensky/.m2/repository/org/assertj/assertj-core/3.11.1/assertj-core-3.11.1.jar:/home/thesevensky/.m2/repository/org/mockito/mockito-core/2.23.4/mockito-core-2.23.4.jar:/home/thesevensky/.m2/repository/net/bytebuddy/byte-buddy/1.9.10/byte-buddy-1.9.10.jar:/home/thesevensky/.m2/repository/net/bytebuddy/byte-buddy-agent/1.9.10/byte-buddy-agent-1.9.10.jar:/home/thesevensky/.m2/repository/org/objenesis/objenesis/2.6/objenesis-2.6.jar:/home/thesevensky/.m2/repository/org/hamcrest/hamcrest-core/1.3/hamcrest-core-1.3.jar:/home/thesevensky/.m2/repository/org/hamcrest/hamcrest-library/1.3/hamcrest-library-1.3.jar:/home/thesevensky/.m2/repository/org/skyscreamer/jsonassert/1.5.0/jsonassert-1.5.0.jar:/home/thesevensky/.m2/repository/com/vaadin/external/google/android-json/0.0.20131108.vaadin1/android-json-0.0.20131108.vaadin1.jar:/home/thesevensky/.m2/repository/org/springframework/spring-core/5.1.5.RELEASE/spring-core-5.1.5.RELEASE.jar:/home/thesevensky/.m2/repository/org/springframework/spring-jcl/5.1.5.RELEASE/spring-jcl-5.1.5.RELEASE.jar:/home/thesevensky/.m2/repository/org/springframework/spring-test/5.1.5.RELEASE/spring-test-5.1.5.RELEASE.jar:/home/thesevensky/.m2/repository/org/xmlunit/xmlunit-core/2.6.2/xmlunit-core-2.6.2.jar:/home/thesevensky/.m2/repository/javax/xml/bind/jaxb-api/2.3.1/jaxb-api-2.3.1.jar:/home/thesevensky/.m2/repository/javax/activation/javax.activation-api/1.2.0/javax.activation-api-1.2.0.jar:/home/thesevensky/.m2/repository/io/protostuff/protostuff-runtime/1.6.0/protostuff-runtime-1.6.0.jar:/home/thesevensky/.m2/repository/io/protostuff/protostuff-api/1.6.0/protostuff-api-1.6.0.jar:/home/thesevensky/.m2/repository/io/protostuff/protostuff-collectionschema/1.6.0/protostuff-collectionschema-1.6.0.jar:/home/thesevensky/.m2/repository/io/protostuff/protostuff-core/1.6.0/protostuff-core-1.6.0.jar:/home/thesevensky/.m2/repository/com/alibaba/druid/1.1.14/druid-1.1.14.jar:/home/thesevensky/.m2/repository/org/springframework/boot/spring-boot-starter-aop/2.1.3.RELEASE/spring-boot-starter-aop-2.1.3.RELEASE.jar:/home/thesevensky/.m2/repository/org/springframework/spring-aop/5.1.5.RELEASE/spring-aop-5.1.5.RELEASE.jar:/home/thesevensky/.m2/repository/org/aspectj/aspectjweaver/1.9.2/aspectjweaver-1.9.2.jar:/home/thesevensky/.m2/repository/javax/servlet/jstl/1.2/jstl-1.2.jar:/home/thesevensky/.m2/repository/org/apache/tomcat/embed/tomcat-embed-jasper/9.0.16/tomcat-embed-jasper-9.0.16.jar:/home/thesevensky/.m2/repository/org/apache/tomcat/embed/tomcat-embed-core/9.0.16/tomcat-embed-core-9.0.16.jar:/home/thesevensky/.m2/repository/org/apache/tomcat/tomcat-annotations-api/9.0.16/tomcat-annotations-api-9.0.16.jar:/home/thesevensky/.m2/repository/org/eclipse/jdt/ecj/3.15.0/ecj-3.15.0.jar:/home/thesevensky/.m2/repository/com/github/pagehelper/pagehelper-spring-boot-starter/1.2.10/pagehelper-spring-boot-starter-1.2.10.jar:/home/thesevensky/.m2/repository/com/github/pagehelper/pagehelper-spring-boot-autoconfigure/1.2.10/pagehelper-spring-boot-autoconfigure-1.2.10.jar:/home/thesevensky/.m2/repository/com/github/pagehelper/pagehelper/5.1.8/pagehelper-5.1.8.jar:/home/thesevensky/.m2/repository/com/github/jsqlparser/jsqlparser/1.2/jsqlparser-1.2.jar:/home/thesevensky/.m2/repository/org/apache/commons/commons-lang3/3.3.2/commons-lang3-3.3.2.jar:/home/thesevensky/.m2/repository/javax/persistence/persistence-api/1.0/persistence-api-1.0.jar:/home/thesevensky/.m2/repository/com/alibaba/fastjson/1.2.56/fastjson-1.2.56.jar:/home/thesevensky/.m2/repository/com/dyuproject/protostuff/protostuff-core/1.1.3/protostuff-core-1.1.3.jar:/home/thesevensky/.m2/repository/com/dyuproject/protostuff/protostuff-api/1.1.3/protostuff-api-1.1.3.jar:/home/thesevensky/.m2/repository/com/dyuproject/protostuff/protostuff-runtime/1.1.3/protostuff-runtime-1.1.3.jar:/home/thesevensky/.m2/repository/com/dyuproject/protostuff/protostuff-collectionschema/1.1.3/protostuff-collectionschema-1.1.3.jar:/home/thesevensky/.m2/repository/commons-codec/commons-codec/1.6/commons-codec-1.6.jar:/home/thesevensky/.m2/repository/jdom/jdom/1.0/jdom-1.0.jar:/home/thesevensky/.m2/repository/org/junit/jupiter/junit-jupiter-api/5.5.0/junit-jupiter-api-5.5.0.jar:/home/thesevensky/.m2/repository/org/apiguardian/apiguardian-api/1.1.0/apiguardian-api-1.1.0.jar:/home/thesevensky/.m2/repository/org/opentest4j/opentest4j/1.2.0/opentest4j-1.2.0.jar:/home/thesevensky/.m2/repository/org/junit/platform/junit-platform-commons/1.3.2/junit-platform-commons-1.3.2.jar:"/>
    <property name="java.vm.vendor" value="Oracle Corporation"/>
    <property name="sun.arch.data.model" value="64"/>
    <property name="java.vendor.url" value="http://java.oracle.com/"/>
    <property name="user.timezone" value=""/>
    <property name="java.vm.specification.version" value="11"/>
    <property name="os.name" value="Linux"/>
    <property name="sun.java.launcher" value="SUN_STANDARD"/>
    <property name="user.country" value="CN"/>
    <property name="sun.boot.library.path" value="/usr/lib/software/code/jdk/jdk-11/lib"/>
    <property name="sun.java.command" value="/home/thesevensky/project/mtmarket6/MTmarket6/target/surefire/surefirebooter7666369425584482252.jar /home/thesevensky/project/mtmarket6/MTmarket6/target/surefire 2019-07-15T17-13-43_399-jvmRun1 surefire16356130701840556994tmp surefire_04763854221631967276tmp"/>
    <property name="jdk.debug" value="release"/>
    <property name="surefire.test.class.path" value="/home/thesevensky/project/mtmarket6/MTmarket6/target/test-classes:/home/thesevensky/project/mtmarket6/MTmarket6/target/classes:/home/thesevensky/.m2/repository/org/springframework/boot/spring-boot-starter-cache/2.1.3.RELEASE/spring-boot-starter-cache-2.1.3.RELEASE.jar:/home/thesevensky/.m2/repository/org/springframework/boot/spring-boot-starter/2.1.3.RELEASE/spring-boot-starter-2.1.3.RELEASE.jar:/home/thesevensky/.m2/repository/org/springframework/boot/spring-boot-starter-logging/2.1.3.RELEASE/spring-boot-starter-logging-2.1.3.RELEASE.jar:/home/thesevensky/.m2/repository/ch/qos/logback/logback-classic/1.2.3/logback-classic-1.2.3.jar:/home/thesevensky/.m2/repository/ch/qos/logback/logback-core/1.2.3/logback-core-1.2.3.jar:/home/thesevensky/.m2/repository/org/apache/logging/log4j/log4j-to-slf4j/2.11.2/log4j-to-slf4j-2.11.2.jar:/home/thesevensky/.m2/repository/org/apache/logging/log4j/log4j-api/2.11.2/log4j-api-2.11.2.jar:/home/thesevensky/.m2/repository/org/slf4j/jul-to-slf4j/1.7.25/jul-to-slf4j-1.7.25.jar:/home/thesevensky/.m2/repository/javax/annotation/javax.annotation-api/1.3.2/javax.annotation-api-1.3.2.jar:/home/thesevensky/.m2/repository/org/yaml/snakeyaml/1.23/snakeyaml-1.23.jar:/home/thesevensky/.m2/repository/org/springframework/spring-context-support/5.1.5.RELEASE/spring-context-support-5.1.5.RELEASE.jar:/home/thesevensky/.m2/repository/org/springframework/spring-beans/5.1.5.RELEASE/spring-beans-5.1.5.RELEASE.jar:/home/thesevensky/.m2/repository/org/springframework/spring-context/5.1.5.RELEASE/spring-context-5.1.5.RELEASE.jar:/home/thesevensky/.m2/repository/org/springframework/boot/spring-boot-starter-data-redis/2.1.3.RELEASE/spring-boot-starter-data-redis-2.1.3.RELEASE.jar:/home/thesevensky/.m2/repository/org/springframework/data/spring-data-redis/2.1.5.RELEASE/spring-data-redis-2.1.5.RELEASE.jar:/home/thesevensky/.m2/repository/org/springframework/data/spring-data-keyvalue/2.1.5.RELEASE/spring-data-keyvalue-2.1.5.RELEASE.jar:/home/thesevensky/.m2/repository/org/springframework/data/spring-data-commons/2.1.5.RELEASE/spring-data-commons-2.1.5.RELEASE.jar:/home/thesevensky/.m2/repository/org/springframework/spring-tx/5.1.5.RELEASE/spring-tx-5.1.5.RELEASE.jar:/home/thesevensky/.m2/repository/org/springframework/spring-oxm/5.1.5.RELEASE/spring-oxm-5.1.5.RELEASE.jar:/home/thesevensky/.m2/repository/org/slf4j/slf4j-api/1.7.25/slf4j-api-1.7.25.jar:/home/thesevensky/.m2/repository/io/lettuce/lettuce-core/5.1.4.RELEASE/lettuce-core-5.1.4.RELEASE.jar:/home/thesevensky/.m2/repository/io/netty/netty-common/4.1.33.Final/netty-common-4.1.33.Final.jar:/home/thesevensky/.m2/repository/io/netty/netty-handler/4.1.33.Final/netty-handler-4.1.33.Final.jar:/home/thesevensky/.m2/repository/io/netty/netty-buffer/4.1.33.Final/netty-buffer-4.1.33.Final.jar:/home/thesevensky/.m2/repository/io/netty/netty-codec/4.1.33.Final/netty-codec-4.1.33.Final.jar:/home/thesevensky/.m2/repository/io/netty/netty-transport/4.1.33.Final/netty-transport-4.1.33.Final.jar:/home/thesevensky/.m2/repository/io/netty/netty-resolver/4.1.33.Final/netty-resolver-4.1.33.Final.jar:/home/thesevensky/.m2/repository/io/projectreactor/reactor-core/3.2.6.RELEASE/reactor-core-3.2.6.RELEASE.jar:/home/thesevensky/.m2/repository/org/reactivestreams/reactive-streams/1.0.2/reactive-streams-1.0.2.jar:/home/thesevensky/.m2/repository/org/springframework/boot/spring-boot-starter-jdbc/2.1.3.RELEASE/spring-boot-starter-jdbc-2.1.3.RELEASE.jar:/home/thesevensky/.m2/repository/com/zaxxer/HikariCP/3.2.0/HikariCP-3.2.0.jar:/home/thesevensky/.m2/repository/org/springframework/spring-jdbc/5.1.5.RELEASE/spring-jdbc-5.1.5.RELEASE.jar:/home/thesevensky/.m2/repository/org/springframework/boot/spring-boot-starter-validation/2.1.3.RELEASE/spring-boot-starter-validation-2.1.3.RELEASE.jar:/home/thesevensky/.m2/repository/org/apache/tomcat/embed/tomcat-embed-el/9.0.16/tomcat-embed-el-9.0.16.jar:/home/thesevensky/.m2/repository/org/hibernate/validator/hibernate-validator/6.0.14.Final/hibernate-validator-6.0.14.Final.jar:/home/thesevensky/.m2/repository/javax/validation/validation-api/2.0.1.Final/validation-api-2.0.1.Final.jar:/home/thesevensky/.m2/repository/org/jboss/logging/jboss-logging/3.3.2.Final/jboss-logging-3.3.2.Final.jar:/home/thesevensky/.m2/repository/com/fasterxml/classmate/1.4.0/classmate-1.4.0.jar:/home/thesevensky/.m2/repository/org/springframework/boot/spring-boot-starter-web/2.1.3.RELEASE/spring-boot-starter-web-2.1.3.RELEASE.jar:/home/thesevensky/.m2/repository/org/springframework/boot/spring-boot-starter-json/2.1.3.RELEASE/spring-boot-starter-json-2.1.3.RELEASE.jar:/home/thesevensky/.m2/repository/com/fasterxml/jackson/core/jackson-databind/2.9.8/jackson-databind-2.9.8.jar:/home/thesevensky/.m2/repository/com/fasterxml/jackson/core/jackson-annotations/2.9.0/jackson-annotations-2.9.0.jar:/home/thesevensky/.m2/repository/com/fasterxml/jackson/core/jackson-core/2.9.8/jackson-core-2.9.8.jar:/home/thesevensky/.m2/repository/com/fasterxml/jackson/datatype/jackson-datatype-jdk8/2.9.8/jackson-datatype-jdk8-2.9.8.jar:/home/thesevensky/.m2/repository/com/fasterxml/jackson/datatype/jackson-datatype-jsr310/2.9.8/jackson-datatype-jsr310-2.9.8.jar:/home/thesevensky/.m2/repository/com/fasterxml/jackson/module/jackson-module-parameter-names/2.9.8/jackson-module-parameter-names-2.9.8.jar:/home/thesevensky/.m2/repository/org/springframework/boot/spring-boot-starter-tomcat/2.1.3.RELEASE/spring-boot-starter-tomcat-2.1.3.RELEASE.jar:/home/thesevensky/.m2/repository/org/apache/tomcat/embed/tomcat-embed-websocket/9.0.16/tomcat-embed-websocket-9.0.16.jar:/home/thesevensky/.m2/repository/org/springframework/spring-web/5.1.5.RELEASE/spring-web-5.1.5.RELEASE.jar:/home/thesevensky/.m2/repository/org/springframework/spring-webmvc/5.1.5.RELEASE/spring-webmvc-5.1.5.RELEASE.jar:/home/thesevensky/.m2/repository/org/springframework/spring-expression/5.1.5.RELEASE/spring-expression-5.1.5.RELEASE.jar:/home/thesevensky/.m2/repository/org/mybatis/spring/boot/mybatis-spring-boot-starter/2.0.0/mybatis-spring-boot-starter-2.0.0.jar:/home/thesevensky/.m2/repository/org/mybatis/spring/boot/mybatis-spring-boot-autoconfigure/2.0.0/mybatis-spring-boot-autoconfigure-2.0.0.jar:/home/thesevensky/.m2/repository/org/mybatis/mybatis/3.5.0/mybatis-3.5.0.jar:/home/thesevensky/.m2/repository/org/mybatis/mybatis-spring/2.0.0/mybatis-spring-2.0.0.jar:/home/thesevensky/.m2/repository/org/springframework/boot/spring-boot-devtools/2.1.3.RELEASE/spring-boot-devtools-2.1.3.RELEASE.jar:/home/thesevensky/.m2/repository/org/springframework/boot/spring-boot/2.1.3.RELEASE/spring-boot-2.1.3.RELEASE.jar:/home/thesevensky/.m2/repository/org/springframework/boot/spring-boot-autoconfigure/2.1.3.RELEASE/spring-boot-autoconfigure-2.1.3.RELEASE.jar:/home/thesevensky/.m2/repository/mysql/mysql-connector-java/8.0.15/mysql-connector-java-8.0.15.jar:/home/thesevensky/.m2/repository/org/springframework/boot/spring-boot-starter-test/2.1.3.RELEASE/spring-boot-starter-test-2.1.3.RELEASE.jar:/home/thesevensky/.m2/repository/org/springframework/boot/spring-boot-test/2.1.3.RELEASE/spring-boot-test-2.1.3.RELEASE.jar:/home/thesevensky/.m2/repository/org/springframework/boot/spring-boot-test-autoconfigure/2.1.3.RELEASE/spring-boot-test-autoconfigure-2.1.3.RELEASE.jar:/home/thesevensky/.m2/repository/com/jayway/jsonpath/json-path/2.4.0/json-path-2.4.0.jar:/home/thesevensky/.m2/repository/net/minidev/json-smart/2.3/json-smart-2.3.jar:/home/thesevensky/.m2/repository/net/minidev/accessors-smart/1.2/accessors-smart-1.2.jar:/home/thesevensky/.m2/repository/org/ow2/asm/asm/5.0.4/asm-5.0.4.jar:/home/thesevensky/.m2/repository/junit/junit/4.12/junit-4.12.jar:/home/thesevensky/.m2/repository/org/assertj/assertj-core/3.11.1/assertj-core-3.11.1.jar:/home/thesevensky/.m2/repository/org/mockito/mockito-core/2.23.4/mockito-core-2.23.4.jar:/home/thesevensky/.m2/repository/net/bytebuddy/byte-buddy/1.9.10/byte-buddy-1.9.10.jar:/home/thesevensky/.m2/repository/net/bytebuddy/byte-buddy-agent/1.9.10/byte-buddy-agent-1.9.10.jar:/home/thesevensky/.m2/repository/org/objenesis/objenesis/2.6/objenesis-2.6.jar:/home/thesevensky/.m2/repository/org/hamcrest/hamcrest-core/1.3/hamcrest-core-1.3.jar:/home/thesevensky/.m2/repository/org/hamcrest/hamcrest-library/1.3/hamcrest-library-1.3.jar:/home/thesevensky/.m2/repository/org/skyscreamer/jsonassert/1.5.0/jsonassert-1.5.0.jar:/home/thesevensky/.m2/repository/com/vaadin/external/google/android-json/0.0.20131108.vaadin1/android-json-0.0.20131108.vaadin1.jar:/home/thesevensky/.m2/repository/org/springframework/spring-core/5.1.5.RELEASE/spring-core-5.1.5.RELEASE.jar:/home/thesevensky/.m2/repository/org/springframework/spring-jcl/5.1.5.RELEASE/spring-jcl-5.1.5.RELEASE.jar:/home/thesevensky/.m2/repository/org/springframework/spring-test/5.1.5.RELEASE/spring-test-5.1.5.RELEASE.jar:/home/thesevensky/.m2/repository/org/xmlunit/xmlunit-core/2.6.2/xmlunit-core-2.6.2.jar:/home/thesevensky/.m2/repository/javax/xml/bind/jaxb-api/2.3.1/jaxb-api-2.3.1.jar:/home/thesevensky/.m2/repository/javax/activation/javax.activation-api/1.2.0/javax.activation-api-1.2.0.jar:/home/thesevensky/.m2/repository/io/protostuff/protostuff-runtime/1.6.0/protostuff-runtime-1.6.0.jar:/home/thesevensky/.m2/repository/io/protostuff/protostuff-api/1.6.0/protostuff-api-1.6.0.jar:/home/thesevensky/.m2/repository/io/protostuff/protostuff-collectionschema/1.6.0/protostuff-collectionschema-1.6.0.jar:/home/thesevensky/.m2/repository/io/protostuff/protostuff-core/1.6.0/protostuff-core-1.6.0.jar:/home/thesevensky/.m2/repository/com/alibaba/druid/1.1.14/druid-1.1.14.jar:/home/thesevensky/.m2/repository/org/springframework/boot/spring-boot-starter-aop/2.1.3.RELEASE/spring-boot-starter-aop-2.1.3.RELEASE.jar:/home/thesevensky/.m2/repository/org/springframework/spring-aop/5.1.5.RELEASE/spring-aop-5.1.5.RELEASE.jar:/home/thesevensky/.m2/repository/org/aspectj/aspectjweaver/1.9.2/aspectjweaver-1.9.2.jar:/home/thesevensky/.m2/repository/javax/servlet/jstl/1.2/jstl-1.2.jar:/home/thesevensky/.m2/repository/org/apache/tomcat/embed/tomcat-embed-jasper/9.0.16/tomcat-embed-jasper-9.0.16.jar:/home/thesevensky/.m2/repository/org/apache/tomcat/embed/tomcat-embed-core/9.0.16/tomcat-embed-core-9.0.16.jar:/home/thesevensky/.m2/repository/org/apache/tomcat/tomcat-annotations-api/9.0.16/tomcat-annotations-api-9.0.16.jar:/home/thesevensky/.m2/repository/org/eclipse/jdt/ecj/3.15.0/ecj-3.15.0.jar:/home/thesevensky/.m2/repository/com/github/pagehelper/pagehelper-spring-boot-starter/1.2.10/pagehelper-spring-boot-starter-1.2.10.jar:/home/thesevensky/.m2/repository/com/github/pagehelper/pagehelper-spring-boot-autoconfigure/1.2.10/pagehelper-spring-boot-autoconfigure-1.2.10.jar:/home/thesevensky/.m2/repository/com/github/pagehelper/pagehelper/5.1.8/pagehelper-5.1.8.jar:/home/thesevensky/.m2/repository/com/github/jsqlparser/jsqlparser/1.2/jsqlparser-1.2.jar:/home/thesevensky/.m2/repository/org/apache/commons/commons-lang3/3.3.2/commons-lang3-3.3.2.jar:/home/thesevensky/.m2/repository/javax/persistence/persistence-api/1.0/persistence-api-1.0.jar:/home/thesevensky/.m2/repository/com/alibaba/fastjson/1.2.56/fastjson-1.2.56.jar:/home/thesevensky/.m2/repository/com/dyuproject/protostuff/protostuff-core/1.1.3/protostuff-core-1.1.3.jar:/home/thesevensky/.m2/repository/com/dyuproject/protostuff/protostuff-api/1.1.3/protostuff-api-1.1.3.jar:/home/thesevensky/.m2/repository/com/dyuproject/protostuff/protostuff-runtime/1.1.3/protostuff-runtime-1.1.3.jar:/home/thesevensky/.m2/repository/com/dyuproject/protostuff/protostuff-collectionschema/1.1.3/protostuff-collectionschema-1.1.3.jar:/home/thesevensky/.m2/repository/commons-codec/commons-codec/1.6/commons-codec-1.6.jar:/home/thesevensky/.m2/repository/jdom/jdom/1.0/jdom-1.0.jar:/home/thesevensky/.m2/repository/org/junit/jupiter/junit-jupiter-api/5.5.0/junit-jupiter-api-5.5.0.jar:/home/thesevensky/.m2/repository/org/apiguardian/apiguardian-api/1.1.0/apiguardian-api-1.1.0.jar:/home/thesevensky/.m2/repository/org/opentest4j/opentest4j/1.2.0/opentest4j-1.2.0.jar:/home/thesevensky/.m2/repository/org/junit/platform/junit-platform-commons/1.3.2/junit-platform-commons-1.3.2.jar:"/>
    <property name="sun.cpu.endian" value="little"/>
    <property name="user.home" value="/home/thesevensky"/>
    <property name="user.language" value="zh"/>
    <property name="java.specification.vendor" value="Oracle Corporation"/>
    <property name="java.version.date" value="2018-09-25"/>
    <property name="java.home" value="/usr/lib/software/code/jdk/jdk-11"/>
    <property name="file.separator" value="/"/>
    <property name="basedir" value="/home/thesevensky/project/mtmarket6/MTmarket6"/>
    <property name="java.vm.compressedOopsMode" value="Zero based"/>
    <property name="line.separator" value="&#10;"/>
    <property name="java.specification.name" value="Java Platform API Specification"/>
    <property name="java.vm.specification.vendor" value="Oracle Corporation"/>
    <property name="java.awt.graphicsenv" value="sun.awt.X11GraphicsEnvironment"/>
    <property name="surefire.real.class.path" value="/home/thesevensky/project/mtmarket6/MTmarket6/target/surefire/surefirebooter7666369425584482252.jar"/>
    <property name="sun.management.compiler" value="HotSpot 64-Bit Tiered Compilers"/>
    <property name="java.runtime.version" value="11+28"/>
    <property name="user.name" value="thesevensky"/>
    <property name="path.separator" value=":"/>
    <property name="os.version" value="4.18.0-25-generic"/>
    <property name="java.runtime.name" value="OpenJDK Runtime Environment"/>
    <property name="file.encoding" value="UTF-8"/>
    <property name="java.vm.name" value="OpenJDK 64-Bit Server VM"/>
    <property name="java.vendor.version" value="18.9"/>
    <property name="localRepository" value="/home/thesevensky/.m2/repository"/>
    <property name="java.vendor.url.bug" value="http://bugreport.java.com/bugreport/"/>
    <property name="java.io.tmpdir" value="/tmp"/>
    <property name="java.version" value="11"/>
    <property name="user.dir" value="/home/thesevensky/project/mtmarket6/MTmarket6"/>
    <property name="os.arch" value="amd64"/>
    <property name="java.vm.specification.name" value="Java Virtual Machine Specification"/>
    <property name="java.awt.printerjob" value="sun.print.PSPrinterJob"/>
    <property name="idea.version2019.1.3" value="true"/>
    <property name="sun.os.patch.level" value="unknown"/>
    <property name="java.library.path" value="/usr/java/packages/lib:/usr/lib64:/lib64:/lib:/usr/lib"/>
    <property name="java.vendor" value="Oracle Corporation"/>
    <property name="java.vm.info" value="mixed mode"/>
    <property name="java.vm.version" value="11+28"/>
    <property name="sun.io.unicode.encoding" value="UnicodeLittle"/>
    <property name="maven.repo.local" value="/home/thesevensky/.m2/repository"/>
    <property name="java.class.version" value="55.0"/>
  </properties>
  <testcase name="t1" classname="com.in.market.MTmarketApplicationTests" time="0.314"/>
  <testcase name="t2" classname="com.in.market.MTmarketApplicationTests" time="0.004"/>
  <testcase name="contextLoads" classname="com.in.market.MTmarketApplicationTests" time="3.879"/>
</testsuite>